[2026-02-27T10:24:32.558Z] 
=== CLICK ATTEMPT FOR: "Web > Partner" ===
[2026-02-27T10:25:58.878Z] 
=== CLICK ATTEMPT FOR: "Select a countryUnited StatesUnited KingdomCanadaGermanyFranceSpainItalyJapanChinaIndiaAustraliaBraz > India" ===
[2026-02-27T10:26:40.771Z] 
=== CLICK ATTEMPT FOR: "EnglishEspañolFrançaisDeutsch中文العربية日本語हिन्दी > हिन्दी" ===
[2026-02-27T10:26:58.206Z] 
=== CLICK ATTEMPT FOR: "Next" ===
[2026-02-27T10:26:58.276Z] ✅ Element clicked
[2026-02-27T10:35:28.045Z] 
=== CLICK ATTEMPT FOR: "Next" ===
[2026-02-27T10:35:28.081Z] ✅ Element clicked
[2026-02-27T10:35:39.943Z] 
=== CLICK ATTEMPT FOR: "Next" ===
[2026-02-27T10:35:39.975Z] ✅ Element clicked
[2026-02-27T10:35:52.247Z] 
=== CLICK ATTEMPT FOR: "$50,000 - $100,000" ===
[2026-02-27T10:35:52.276Z] ✅ Element clicked
[2026-02-27T10:36:34.581Z] 
=== CLICK ATTEMPT FOR: "Select employment statusEmployed Full-TimeEmployed Part-TimeSelf-EmployedRetiredStudentUnemployed > Self-Employed" ===
[2026-02-27T10:36:46.459Z] 
=== CLICK ATTEMPT FOR: "Beginner" ===
[2026-02-27T10:36:46.471Z] ✅ Element clicked
[2026-02-27T10:36:58.333Z] 
=== CLICK ATTEMPT FOR: "Moderate" ===
[2026-02-27T10:36:58.344Z] ✅ Element clicked
[2026-02-27T10:37:10.102Z] 
=== CLICK ATTEMPT FOR: "2-5 years" ===
[2026-02-27T10:37:10.114Z] ✅ Element clicked
[2026-02-27T10:37:21.979Z] 
=== CLICK ATTEMPT FOR: "Wealth Growth" ===
[2026-02-27T10:37:22.013Z] ✅ Element clicked
[2026-02-27T10:37:34.176Z] 
=== CLICK ATTEMPT FOR: "Calculate Risk Profile" ===
[2026-02-27T10:37:34.193Z] ✅ Element clicked
[2026-02-27T10:37:46.194Z] 
=== CLICK ATTEMPT FOR: "Next" ===
[2026-02-27T10:37:46.212Z] ✅ Element clicked
[2026-02-27T10:42:40.335Z] 
=== CLICK ATTEMPT FOR: "Terms and ConditionsRequiredI agree to the Terms and Conditions governing the use of banking services, including account management, transaction processing, and fee structures." ===
[2026-02-27T10:43:39.758Z] 
=== CLICK ATTEMPT FOR: "Privacy PolicyRequiredI acknowledge and accept the Privacy Policy regarding the collection, use, storage, and protection of my personal and financial information." ===
[2026-02-27T10:44:38.743Z] 
=== CLICK ATTEMPT FOR: "Credit Check AuthorizationRequiredI authorize the bank to conduct credit checks and obtain my credit report from credit bureaus for account opening and credit facility purposes." ===
[2026-02-27T10:45:36.812Z] 
=== CLICK ATTEMPT FOR: "Communication ConsentRequiredI consent to receive important account notifications, alerts, and regulatory communications via email, SMS, and other digital channels." ===
[2026-02-27T10:46:35.611Z] 
=== CLICK ATTEMPT FOR: "Marketing CommunicationsI consent to receive marketing communications, promotional offers, and product information from the bank and its partners." ===
[2026-02-27T10:47:17.753Z] 
=== CLICK ATTEMPT FOR: "Next" ===
[2026-02-27T10:47:17.774Z] ✅ Element clicked
